  Textures.cpp
  Start.cpp
  main.cpp
  Graphics.cpp
  Generating Code...
c:\users\michael\documents\university work (year 2)\year 2\game engine construction\hapi_start milestone 2\hapi_start\main.cpp(106): warning C4715: 'LoadTexture': not all control paths return a value
     Creating library C:\Users\Michael\Documents\University Work (Year 2)\Year 2\Game Engine Construction\HAPI_Start Milestone 2\x64\Debug\HAPI_Start.lib and object C:\Users\Michael\Documents\University Work (Year 2)\Year 2\Game Engine Construction\HAPI_Start Milestone 2\x64\Debug\HAPI_Start.exp
HAPI_Debug64.lib(Error.obj) : warning LNK4099: PDB 'HAPI_LIB.pdb' was not found with 'HAPI_Debug64.lib(Error.obj)' or at 'C:\Users\Michael\Documents\University Work (Year 2)\Year 2\Game Engine Construction\HAPI_Start Milestone 2\x64\Debug\HAPI_LIB.pdb'; linking object as if no debug info
HAPI_Debug64.lib(HapiCore.obj) : warning LNK4099: PDB 'HAPI_LIB.pdb' was not found with 'HAPI_Debug64.lib(HapiCore.obj)' or at 'C:\Users\Michael\Documents\University Work (Year 2)\Year 2\Game Engine Construction\HAPI_Start Milestone 2\x64\Debug\HAPI_LIB.pdb'; linking object as if no debug info
HAPI_Debug64.lib(HapiMain.obj) : warning LNK4099: PDB 'HAPI_LIB.pdb' was not found with 'HAPI_Debug64.lib(HapiMain.obj)' or at 'C:\Users\Michael\Documents\University Work (Year 2)\Year 2\Game Engine Construction\HAPI_Start Milestone 2\x64\Debug\HAPI_LIB.pdb'; linking object as if no debug info
HAPI_Debug64.lib(HapiOsSFML.obj) : warning LNK4099: PDB 'HAPI_LIB.pdb' was not found with 'HAPI_Debug64.lib(HapiOsSFML.obj)' or at 'C:\Users\Michael\Documents\University Work (Year 2)\Year 2\Game Engine Construction\HAPI_Start Milestone 2\x64\Debug\HAPI_LIB.pdb'; linking object as if no debug info
HAPI_Debug64.lib(HapiRendererSFML.obj) : warning LNK4099: PDB 'HAPI_LIB.pdb' was not found with 'HAPI_Debug64.lib(HapiRendererSFML.obj)' or at 'C:\Users\Michael\Documents\University Work (Year 2)\Year 2\Game Engine Construction\HAPI_Start Milestone 2\x64\Debug\HAPI_LIB.pdb'; linking object as if no debug info
HAPI_Debug64.lib(HapiSoundSFML.obj) : warning LNK4099: PDB 'HAPI_LIB.pdb' was not found with 'HAPI_Debug64.lib(HapiSoundSFML.obj)' or at 'C:\Users\Michael\Documents\University Work (Year 2)\Year 2\Game Engine Construction\HAPI_Start Milestone 2\x64\Debug\HAPI_LIB.pdb'; linking object as if no debug info
HAPI_Debug64.lib(HapiXInput.obj) : warning LNK4099: PDB 'HAPI_LIB.pdb' was not found with 'HAPI_Debug64.lib(HapiXInput.obj)' or at 'C:\Users\Michael\Documents\University Work (Year 2)\Year 2\Game Engine Construction\HAPI_Start Milestone 2\x64\Debug\HAPI_LIB.pdb'; linking object as if no debug info
HAPI_Debug64.lib(PerfCounters.obj) : warning LNK4099: PDB 'HAPI_LIB.pdb' was not found with 'HAPI_Debug64.lib(PerfCounters.obj)' or at 'C:\Users\Michael\Documents\University Work (Year 2)\Year 2\Game Engine Construction\HAPI_Start Milestone 2\x64\Debug\HAPI_LIB.pdb'; linking object as if no debug info
HAPI_Debug64.lib(SFMLFontManager.obj) : warning LNK4099: PDB 'HAPI_LIB.pdb' was not found with 'HAPI_Debug64.lib(SFMLFontManager.obj)' or at 'C:\Users\Michael\Documents\University Work (Year 2)\Year 2\Game Engine Construction\HAPI_Start Milestone 2\x64\Debug\HAPI_LIB.pdb'; linking object as if no debug info
HAPI_Debug64.lib(stdafx.obj) : warning LNK4099: PDB 'HAPI_LIB.pdb' was not found with 'HAPI_Debug64.lib(stdafx.obj)' or at 'C:\Users\Michael\Documents\University Work (Year 2)\Year 2\Game Engine Construction\HAPI_Start Milestone 2\x64\Debug\HAPI_LIB.pdb'; linking object as if no debug info
HAPI_Debug64.lib(Utility.obj) : warning LNK4099: PDB 'HAPI_LIB.pdb' was not found with 'HAPI_Debug64.lib(Utility.obj)' or at 'C:\Users\Michael\Documents\University Work (Year 2)\Year 2\Game Engine Construction\HAPI_Start Milestone 2\x64\Debug\HAPI_LIB.pdb'; linking object as if no debug info
HAPI_Debug64.lib(VideoStream.obj) : warning LNK4099: PDB 'SfeMovie.pdb' was not found with 'HAPI_Debug64.lib(VideoStream.obj)' or at 'C:\Users\Michael\Documents\University Work (Year 2)\Year 2\Game Engine Construction\HAPI_Start Milestone 2\x64\Debug\SfeMovie.pdb'; linking object as if no debug info
HAPI_Debug64.lib(Utilities.obj) : warning LNK4099: PDB 'SfeMovie.pdb' was not found with 'HAPI_Debug64.lib(Utilities.obj)' or at 'C:\Users\Michael\Documents\University Work (Year 2)\Year 2\Game Engine Construction\HAPI_Start Milestone 2\x64\Debug\SfeMovie.pdb'; linking object as if no debug info
HAPI_Debug64.lib(TimerPriorities.obj) : warning LNK4099: PDB 'SfeMovie.pdb' was not found with 'HAPI_Debug64.lib(TimerPriorities.obj)' or at 'C:\Users\Michael\Documents\University Work (Year 2)\Year 2\Game Engine Construction\HAPI_Start Milestone 2\x64\Debug\SfeMovie.pdb'; linking object as if no debug info
HAPI_Debug64.lib(Timer.obj) : warning LNK4099: PDB 'SfeMovie.pdb' was not found with 'HAPI_Debug64.lib(Timer.obj)' or at 'C:\Users\Michael\Documents\University Work (Year 2)\Year 2\Game Engine Construction\HAPI_Start Milestone 2\x64\Debug\SfeMovie.pdb'; linking object as if no debug info
HAPI_Debug64.lib(SubtitleStream.obj) : warning LNK4099: PDB 'SfeMovie.pdb' was not found with 'HAPI_Debug64.lib(SubtitleStream.obj)' or at 'C:\Users\Michael\Documents\University Work (Year 2)\Year 2\Game Engine Construction\HAPI_Start Milestone 2\x64\Debug\SfeMovie.pdb'; linking object as if no debug info
HAPI_Debug64.lib(Stream.obj) : warning LNK4099: PDB 'SfeMovie.pdb' was not found with 'HAPI_Debug64.lib(Stream.obj)' or at 'C:\Users\Michael\Documents\University Work (Year 2)\Year 2\Game Engine Construction\HAPI_Start Milestone 2\x64\Debug\SfeMovie.pdb'; linking object as if no debug info
HAPI_Debug64.lib(MovieImpl.obj) : warning LNK4099: PDB 'SfeMovie.pdb' was not found with 'HAPI_Debug64.lib(MovieImpl.obj)' or at 'C:\Users\Michael\Documents\University Work (Year 2)\Year 2\Game Engine Construction\HAPI_Start Milestone 2\x64\Debug\SfeMovie.pdb'; linking object as if no debug info
HAPI_Debug64.lib(Movie.obj) : warning LNK4099: PDB 'SfeMovie.pdb' was not found with 'HAPI_Debug64.lib(Movie.obj)' or at 'C:\Users\Michael\Documents\University Work (Year 2)\Year 2\Game Engine Construction\HAPI_Start Milestone 2\x64\Debug\SfeMovie.pdb'; linking object as if no debug info
HAPI_Debug64.lib(Log.obj) : warning LNK4099: PDB 'SfeMovie.pdb' was not found with 'HAPI_Debug64.lib(Log.obj)' or at 'C:\Users\Michael\Documents\University Work (Year 2)\Year 2\Game Engine Construction\HAPI_Start Milestone 2\x64\Debug\SfeMovie.pdb'; linking object as if no debug info
HAPI_Debug64.lib(Demuxer.obj) : warning LNK4099: PDB 'SfeMovie.pdb' was not found with 'HAPI_Debug64.lib(Demuxer.obj)' or at 'C:\Users\Michael\Documents\University Work (Year 2)\Year 2\Game Engine Construction\HAPI_Start Milestone 2\x64\Debug\SfeMovie.pdb'; linking object as if no debug info
HAPI_Debug64.lib(AudioStream.obj) : warning LNK4099: PDB 'SfeMovie.pdb' was not found with 'HAPI_Debug64.lib(AudioStream.obj)' or at 'C:\Users\Michael\Documents\University Work (Year 2)\Year 2\Game Engine Construction\HAPI_Start Milestone 2\x64\Debug\SfeMovie.pdb'; linking object as if no debug info
HAPI_Debug64.lib(MainWin32.obj) : warning LNK4099: PDB 'sfml-main.pdb' was not found with 'HAPI_Debug64.lib(MainWin32.obj)' or at 'C:\Users\Michael\Documents\University Work (Year 2)\Year 2\Game Engine Construction\HAPI_Start Milestone 2\x64\Debug\sfml-main.pdb'; linking object as if no debug info
HAPI_Debug64.lib(ThreadLocalImpl.obj) : warning LNK4099: PDB 'sfml-system-s.pdb' was not found with 'HAPI_Debug64.lib(ThreadLocalImpl.obj)' or at 'C:\Users\Michael\Documents\University Work (Year 2)\Year 2\Game Engine Construction\HAPI_Start Milestone 2\x64\Debug\sfml-system-s.pdb'; linking object as if no debug info
HAPI_Debug64.lib(ThreadImpl.obj) : warning LNK4099: PDB 'sfml-system-s.pdb' was not found with 'HAPI_Debug64.lib(ThreadImpl.obj)' or at 'C:\Users\Michael\Documents\University Work (Year 2)\Year 2\Game Engine Construction\HAPI_Start Milestone 2\x64\Debug\sfml-system-s.pdb'; linking object as if no debug info
HAPI_Debug64.lib(SleepImpl.obj) : warning LNK4099: PDB 'sfml-system-s.pdb' was not found with 'HAPI_Debug64.lib(SleepImpl.obj)' or at 'C:\Users\Michael\Documents\University Work (Year 2)\Year 2\Game Engine Construction\HAPI_Start Milestone 2\x64\Debug\sfml-system-s.pdb'; linking object as if no debug info
HAPI_Debug64.lib(MutexImpl.obj) : warning LNK4099: PDB 'sfml-system-s.pdb' was not found with 'HAPI_Debug64.lib(MutexImpl.obj)' or at 'C:\Users\Michael\Documents\University Work (Year 2)\Year 2\Game Engine Construction\HAPI_Start Milestone 2\x64\Debug\sfml-system-s.pdb'; linking object as if no debug info
HAPI_Debug64.lib(ClockImpl.obj) : warning LNK4099: PDB 'sfml-system-s.pdb' was not found with 'HAPI_Debug64.lib(ClockImpl.obj)' or at 'C:\Users\Michael\Documents\University Work (Year 2)\Year 2\Game Engine Construction\HAPI_Start Milestone 2\x64\Debug\sfml-system-s.pdb'; linking object as if no debug info
HAPI_Debug64.lib(MemoryInputStream.obj) : warning LNK4099: PDB 'sfml-system-s.pdb' was not found with 'HAPI_Debug64.lib(MemoryInputStream.obj)' or at 'C:\Users\Michael\Documents\University Work (Year 2)\Year 2\Game Engine Construction\HAPI_Start Milestone 2\x64\Debug\sfml-system-s.pdb'; linking object as if no debug info
HAPI_Debug64.lib(FileInputStream.obj) : warning LNK4099: PDB 'sfml-system-s.pdb' was not found with 'HAPI_Debug64.lib(FileInputStream.obj)' or at 'C:\Users\Michael\Documents\University Work (Year 2)\Year 2\Game Engine Construction\HAPI_Start Milestone 2\x64\Debug\sfml-system-s.pdb'; linking object as if no debug info
HAPI_Debug64.lib(Time.obj) : warning LNK4099: PDB 'sfml-system-s.pdb' was not found with 'HAPI_Debug64.lib(Time.obj)' or at 'C:\Users\Michael\Documents\University Work (Year 2)\Year 2\Game Engine Construction\HAPI_Start Milestone 2\x64\Debug\sfml-system-s.pdb'; linking object as if no debug info
HAPI_Debug64.lib(ThreadLocal.obj) : warning LNK4099: PDB 'sfml-system-s.pdb' was not found with 'HAPI_Debug64.lib(ThreadLocal.obj)' or at 'C:\Users\Michael\Documents\University Work (Year 2)\Year 2\Game Engine Construction\HAPI_Start Milestone 2\x64\Debug\sfml-system-s.pdb'; linking object as if no debug info
HAPI_Debug64.lib(Thread.obj) : warning LNK4099: PDB 'sfml-system-s.pdb' was not found with 'HAPI_Debug64.lib(Thread.obj)' or at 'C:\Users\Michael\Documents\University Work (Year 2)\Year 2\Game Engine Construction\HAPI_Start Milestone 2\x64\Debug\sfml-system-s.pdb'; linking object as if no debug info
HAPI_Debug64.lib(String.obj) : warning LNK4099: PDB 'sfml-system-s.pdb' was not found with 'HAPI_Debug64.lib(String.obj)' or at 'C:\Users\Michael\Documents\University Work (Year 2)\Year 2\Game Engine Construction\HAPI_Start Milestone 2\x64\Debug\sfml-system-s.pdb'; linking object as if no debug info
HAPI_Debug64.lib(Sleep.obj) : warning LNK4099: PDB 'sfml-system-s.pdb' was not found with 'HAPI_Debug64.lib(Sleep.obj)' or at 'C:\Users\Michael\Documents\University Work (Year 2)\Year 2\Game Engine Construction\HAPI_Start Milestone 2\x64\Debug\sfml-system-s.pdb'; linking object as if no debug info
HAPI_Debug64.lib(Mutex.obj) : warning LNK4099: PDB 'sfml-system-s.pdb' was not found with 'HAPI_Debug64.lib(Mutex.obj)' or at 'C:\Users\Michael\Documents\University Work (Year 2)\Year 2\Game Engine Construction\HAPI_Start Milestone 2\x64\Debug\sfml-system-s.pdb'; linking object as if no debug info
HAPI_Debug64.lib(Lock.obj) : warning LNK4099: PDB 'sfml-system-s.pdb' was not found with 'HAPI_Debug64.lib(Lock.obj)' or at 'C:\Users\Michael\Documents\University Work (Year 2)\Year 2\Game Engine Construction\HAPI_Start Milestone 2\x64\Debug\sfml-system-s.pdb'; linking object as if no debug info
HAPI_Debug64.lib(Err.obj) : warning LNK4099: PDB 'sfml-system-s.pdb' was not found with 'HAPI_Debug64.lib(Err.obj)' or at 'C:\Users\Michael\Documents\University Work (Year 2)\Year 2\Game Engine Construction\HAPI_Start Milestone 2\x64\Debug\sfml-system-s.pdb'; linking object as if no debug info
HAPI_Debug64.lib(Clock.obj) : warning LNK4099: PDB 'sfml-system-s.pdb' was not found with 'HAPI_Debug64.lib(Clock.obj)' or at 'C:\Users\Michael\Documents\University Work (Year 2)\Year 2\Game Engine Construction\HAPI_Start Milestone 2\x64\Debug\sfml-system-s.pdb'; linking object as if no debug info
HAPI_Debug64.lib(WindowImplWin32.obj) : warning LNK4099: PDB 'sfml-window-s.pdb' was not found with 'HAPI_Debug64.lib(WindowImplWin32.obj)' or at 'C:\Users\Michael\Documents\University Work (Year 2)\Year 2\Game Engine Construction\HAPI_Start Milestone 2\x64\Debug\sfml-window-s.pdb'; linking object as if no debug info
HAPI_Debug64.lib(VideoModeImpl.obj) : warning LNK4099: PDB 'sfml-window-s.pdb' was not found with 'HAPI_Debug64.lib(VideoModeImpl.obj)' or at 'C:\Users\Michael\Documents\University Work (Year 2)\Year 2\Game Engine Construction\HAPI_Start Milestone 2\x64\Debug\sfml-window-s.pdb'; linking object as if no debug info
HAPI_Debug64.lib(SensorImpl.obj) : warning LNK4099: PDB 'sfml-window-s.pdb' was not found with 'HAPI_Debug64.lib(SensorImpl.obj)' or at 'C:\Users\Michael\Documents\University Work (Year 2)\Year 2\Game Engine Construction\HAPI_Start Milestone 2\x64\Debug\sfml-window-s.pdb'; linking object as if no debug info
HAPI_Debug64.lib(JoystickImpl.obj) : warning LNK4099: PDB 'sfml-window-s.pdb' was not found with 'HAPI_Debug64.lib(JoystickImpl.obj)' or at 'C:\Users\Michael\Documents\University Work (Year 2)\Year 2\Game Engine Construction\HAPI_Start Milestone 2\x64\Debug\sfml-window-s.pdb'; linking object as if no debug info
HAPI_Debug64.lib(WglExtensions.obj) : warning LNK4099: PDB 'sfml-window-s.pdb' was not found with 'HAPI_Debug64.lib(WglExtensions.obj)' or at 'C:\Users\Michael\Documents\University Work (Year 2)\Year 2\Game Engine Construction\HAPI_Start Milestone 2\x64\Debug\sfml-window-s.pdb'; linking object as if no debug info
HAPI_Debug64.lib(WglContext.obj) : warning LNK4099: PDB 'sfml-window-s.pdb' was not found with 'HAPI_Debug64.lib(WglContext.obj)' or at 'C:\Users\Michael\Documents\University Work (Year 2)\Year 2\Game Engine Construction\HAPI_Start Milestone 2\x64\Debug\sfml-window-s.pdb'; linking object as if no debug info
HAPI_Debug64.lib(CursorImpl.obj) : warning LNK4099: PDB 'sfml-window-s.pdb' was not found with 'HAPI_Debug64.lib(CursorImpl.obj)' or at 'C:\Users\Michael\Documents\University Work (Year 2)\Year 2\Game Engine Construction\HAPI_Start Milestone 2\x64\Debug\sfml-window-s.pdb'; linking object as if no debug info
HAPI_Debug64.lib(WindowImpl.obj) : warning LNK4099: PDB 'sfml-window-s.pdb' was not found with 'HAPI_Debug64.lib(WindowImpl.obj)' or at 'C:\Users\Michael\Documents\University Work (Year 2)\Year 2\Game Engine Construction\HAPI_Start Milestone 2\x64\Debug\sfml-window-s.pdb'; linking object as if no debug info
HAPI_Debug64.lib(Window.obj) : warning LNK4099: PDB 'sfml-window-s.pdb' was not found with 'HAPI_Debug64.lib(Window.obj)' or at 'C:\Users\Michael\Documents\University Work (Year 2)\Year 2\Game Engine Construction\HAPI_Start Milestone 2\x64\Debug\sfml-window-s.pdb'; linking object as if no debug info
HAPI_Debug64.lib(VideoMode.obj) : warning LNK4099: PDB 'sfml-window-s.pdb' was not found with 'HAPI_Debug64.lib(VideoMode.obj)' or at 'C:\Users\Michael\Documents\University Work (Year 2)\Year 2\Game Engine Construction\HAPI_Start Milestone 2\x64\Debug\sfml-window-s.pdb'; linking object as if no debug info
HAPI_Debug64.lib(SensorManager.obj) : warning LNK4099: PDB 'sfml-window-s.pdb' was not found with 'HAPI_Debug64.lib(SensorManager.obj)' or at 'C:\Users\Michael\Documents\University Work (Year 2)\Year 2\Game Engine Construction\HAPI_Start Milestone 2\x64\Debug\sfml-window-s.pdb'; linking object as if no debug info
HAPI_Debug64.lib(JoystickManager.obj) : warning LNK4099: PDB 'sfml-window-s.pdb' was not found with 'HAPI_Debug64.lib(JoystickManager.obj)' or at 'C:\Users\Michael\Documents\University Work (Year 2)\Year 2\Game Engine Construction\HAPI_Start Milestone 2\x64\Debug\sfml-window-s.pdb'; linking object as if no debug info
HAPI_Debug64.lib(Joystick.obj) : warning LNK4099: PDB 'sfml-window-s.pdb' was not found with 'HAPI_Debug64.lib(Joystick.obj)' or at 'C:\Users\Michael\Documents\University Work (Year 2)\Year 2\Game Engine Construction\HAPI_Start Milestone 2\x64\Debug\sfml-window-s.pdb'; linking object as if no debug info
HAPI_Debug64.lib(GlResource.obj) : warning LNK4099: PDB 'sfml-window-s.pdb' was not found with 'HAPI_Debug64.lib(GlResource.obj)' or at 'C:\Users\Michael\Documents\University Work (Year 2)\Year 2\Game Engine Construction\HAPI_Start Milestone 2\x64\Debug\sfml-window-s.pdb'; linking object as if no debug info
HAPI_Debug64.lib(GlContext.obj) : warning LNK4099: PDB 'sfml-window-s.pdb' was not found with 'HAPI_Debug64.lib(GlContext.obj)' or at 'C:\Users\Michael\Documents\University Work (Year 2)\Year 2\Game Engine Construction\HAPI_Start Milestone 2\x64\Debug\sfml-window-s.pdb'; linking object as if no debug info
HAPI_Debug64.lib(Cursor.obj) : warning LNK4099: PDB 'sfml-window-s.pdb' was not found with 'HAPI_Debug64.lib(Cursor.obj)' or at 'C:\Users\Michael\Documents\University Work (Year 2)\Year 2\Game Engine Construction\HAPI_Start Milestone 2\x64\Debug\sfml-window-s.pdb'; linking object as if no debug info
HAPI_Debug64.lib(Context.obj) : warning LNK4099: PDB 'sfml-window-s.pdb' was not found with 'HAPI_Debug64.lib(Context.obj)' or at 'C:\Users\Michael\Documents\University Work (Year 2)\Year 2\Game Engine Construction\HAPI_Start Milestone 2\x64\Debug\sfml-window-s.pdb'; linking object as if no debug info
HAPI_Debug64.lib(SoundFileWriterWav.obj) : warning LNK4099: PDB 'sfml-audio-s.pdb' was not found with 'HAPI_Debug64.lib(SoundFileWriterWav.obj)' or at 'C:\Users\Michael\Documents\University Work (Year 2)\Year 2\Game Engine Construction\HAPI_Start Milestone 2\x64\Debug\sfml-audio-s.pdb'; linking object as if no debug info
HAPI_Debug64.lib(SoundFileWriterOgg.obj) : warning LNK4099: PDB 'sfml-audio-s.pdb' was not found with 'HAPI_Debug64.lib(SoundFileWriterOgg.obj)' or at 'C:\Users\Michael\Documents\University Work (Year 2)\Year 2\Game Engine Construction\HAPI_Start Milestone 2\x64\Debug\sfml-audio-s.pdb'; linking object as if no debug info
HAPI_Debug64.lib(SoundFileWriterFlac.obj) : warning LNK4099: PDB 'sfml-audio-s.pdb' was not found with 'HAPI_Debug64.lib(SoundFileWriterFlac.obj)' or at 'C:\Users\Michael\Documents\University Work (Year 2)\Year 2\Game Engine Construction\HAPI_Start Milestone 2\x64\Debug\sfml-audio-s.pdb'; linking object as if no debug info
HAPI_Debug64.lib(SoundFileReaderWav.obj) : warning LNK4099: PDB 'sfml-audio-s.pdb' was not found with 'HAPI_Debug64.lib(SoundFileReaderWav.obj)' or at 'C:\Users\Michael\Documents\University Work (Year 2)\Year 2\Game Engine Construction\HAPI_Start Milestone 2\x64\Debug\sfml-audio-s.pdb'; linking object as if no debug info
HAPI_Debug64.lib(SoundFileReaderOgg.obj) : warning LNK4099: PDB 'sfml-audio-s.pdb' was not found with 'HAPI_Debug64.lib(SoundFileReaderOgg.obj)' or at 'C:\Users\Michael\Documents\University Work (Year 2)\Year 2\Game Engine Construction\HAPI_Start Milestone 2\x64\Debug\sfml-audio-s.pdb'; linking object as if no debug info
HAPI_Debug64.lib(SoundFileReaderFlac.obj) : warning LNK4099: PDB 'sfml-audio-s.pdb' was not found with 'HAPI_Debug64.lib(SoundFileReaderFlac.obj)' or at 'C:\Users\Michael\Documents\University Work (Year 2)\Year 2\Game Engine Construction\HAPI_Start Milestone 2\x64\Debug\sfml-audio-s.pdb'; linking object as if no debug info
HAPI_Debug64.lib(SoundFileFactory.obj) : warning LNK4099: PDB 'sfml-audio-s.pdb' was not found with 'HAPI_Debug64.lib(SoundFileFactory.obj)' or at 'C:\Users\Michael\Documents\University Work (Year 2)\Year 2\Game Engine Construction\HAPI_Start Milestone 2\x64\Debug\sfml-audio-s.pdb'; linking object as if no debug info
HAPI_Debug64.lib(SoundStream.obj) : warning LNK4099: PDB 'sfml-audio-s.pdb' was not found with 'HAPI_Debug64.lib(SoundStream.obj)' or at 'C:\Users\Michael\Documents\University Work (Year 2)\Year 2\Game Engine Construction\HAPI_Start Milestone 2\x64\Debug\sfml-audio-s.pdb'; linking object as if no debug info
HAPI_Debug64.lib(SoundSource.obj) : warning LNK4099: PDB 'sfml-audio-s.pdb' was not found with 'HAPI_Debug64.lib(SoundSource.obj)' or at 'C:\Users\Michael\Documents\University Work (Year 2)\Year 2\Game Engine Construction\HAPI_Start Milestone 2\x64\Debug\sfml-audio-s.pdb'; linking object as if no debug info
HAPI_Debug64.lib(OutputSoundFile.obj) : warning LNK4099: PDB 'sfml-audio-s.pdb' was not found with 'HAPI_Debug64.lib(OutputSoundFile.obj)' or at 'C:\Users\Michael\Documents\University Work (Year 2)\Year 2\Game Engine Construction\HAPI_Start Milestone 2\x64\Debug\sfml-audio-s.pdb'; linking object as if no debug info
HAPI_Debug64.lib(InputSoundFile.obj) : warning LNK4099: PDB 'sfml-audio-s.pdb' was not found with 'HAPI_Debug64.lib(InputSoundFile.obj)' or at 'C:\Users\Michael\Documents\University Work (Year 2)\Year 2\Game Engine Construction\HAPI_Start Milestone 2\x64\Debug\sfml-audio-s.pdb'; linking object as if no debug info
HAPI_Debug64.lib(SoundBuffer.obj) : warning LNK4099: PDB 'sfml-audio-s.pdb' was not found with 'HAPI_Debug64.lib(SoundBuffer.obj)' or at 'C:\Users\Michael\Documents\University Work (Year 2)\Year 2\Game Engine Construction\HAPI_Start Milestone 2\x64\Debug\sfml-audio-s.pdb'; linking object as if no debug info
HAPI_Debug64.lib(Sound.obj) : warning LNK4099: PDB 'sfml-audio-s.pdb' was not found with 'HAPI_Debug64.lib(Sound.obj)' or at 'C:\Users\Michael\Documents\University Work (Year 2)\Year 2\Game Engine Construction\HAPI_Start Milestone 2\x64\Debug\sfml-audio-s.pdb'; linking object as if no debug info
HAPI_Debug64.lib(AudioDevice.obj) : warning LNK4099: PDB 'sfml-audio-s.pdb' was not found with 'HAPI_Debug64.lib(AudioDevice.obj)' or at 'C:\Users\Michael\Documents\University Work (Year 2)\Year 2\Game Engine Construction\HAPI_Start Milestone 2\x64\Debug\sfml-audio-s.pdb'; linking object as if no debug info
HAPI_Debug64.lib(AlResource.obj) : warning LNK4099: PDB 'sfml-audio-s.pdb' was not found with 'HAPI_Debug64.lib(AlResource.obj)' or at 'C:\Users\Michael\Documents\University Work (Year 2)\Year 2\Game Engine Construction\HAPI_Start Milestone 2\x64\Debug\sfml-audio-s.pdb'; linking object as if no debug info
HAPI_Debug64.lib(ALCheck.obj) : warning LNK4099: PDB 'sfml-audio-s.pdb' was not found with 'HAPI_Debug64.lib(ALCheck.obj)' or at 'C:\Users\Michael\Documents\University Work (Year 2)\Year 2\Game Engine Construction\HAPI_Start Milestone 2\x64\Debug\sfml-audio-s.pdb'; linking object as if no debug info
HAPI_Debug64.lib(VertexArray.obj) : warning LNK4099: PDB 'sfml-graphics-s.pdb' was not found with 'HAPI_Debug64.lib(VertexArray.obj)' or at 'C:\Users\Michael\Documents\University Work (Year 2)\Year 2\Game Engine Construction\HAPI_Start Milestone 2\x64\Debug\sfml-graphics-s.pdb'; linking object as if no debug info
HAPI_Debug64.lib(Text.obj) : warning LNK4099: PDB 'sfml-graphics-s.pdb' was not found with 'HAPI_Debug64.lib(Text.obj)' or at 'C:\Users\Michael\Documents\University Work (Year 2)\Year 2\Game Engine Construction\HAPI_Start Milestone 2\x64\Debug\sfml-graphics-s.pdb'; linking object as if no debug info
HAPI_Debug64.lib(Sprite.obj) : warning LNK4099: PDB 'sfml-graphics-s.pdb' was not found with 'HAPI_Debug64.lib(Sprite.obj)' or at 'C:\Users\Michael\Documents\University Work (Year 2)\Year 2\Game Engine Construction\HAPI_Start Milestone 2\x64\Debug\sfml-graphics-s.pdb'; linking object as if no debug info
HAPI_Debug64.lib(GLLoader.obj) : warning LNK4099: PDB 'sfml-graphics-s.pdb' was not found with 'HAPI_Debug64.lib(GLLoader.obj)' or at 'C:\Users\Michael\Documents\University Work (Year 2)\Year 2\Game Engine Construction\HAPI_Start Milestone 2\x64\Debug\sfml-graphics-s.pdb'; linking object as if no debug info
HAPI_Debug64.lib(Vertex.obj) : warning LNK4099: PDB 'sfml-graphics-s.pdb' was not found with 'HAPI_Debug64.lib(Vertex.obj)' or at 'C:\Users\Michael\Documents\University Work (Year 2)\Year 2\Game Engine Construction\HAPI_Start Milestone 2\x64\Debug\sfml-graphics-s.pdb'; linking object as if no debug info
HAPI_Debug64.lib(View.obj) : warning LNK4099: PDB 'sfml-graphics-s.pdb' was not found with 'HAPI_Debug64.lib(View.obj)' or at 'C:\Users\Michael\Documents\University Work (Year 2)\Year 2\Game Engine Construction\HAPI_Start Milestone 2\x64\Debug\sfml-graphics-s.pdb'; linking object as if no debug info
HAPI_Debug64.lib(Transformable.obj) : warning LNK4099: PDB 'sfml-graphics-s.pdb' was not found with 'HAPI_Debug64.lib(Transformable.obj)' or at 'C:\Users\Michael\Documents\University Work (Year 2)\Year 2\Game Engine Construction\HAPI_Start Milestone 2\x64\Debug\sfml-graphics-s.pdb'; linking object as if no debug info
HAPI_Debug64.lib(Transform.obj) : warning LNK4099: PDB 'sfml-graphics-s.pdb' was not found with 'HAPI_Debug64.lib(Transform.obj)' or at 'C:\Users\Michael\Documents\University Work (Year 2)\Year 2\Game Engine Construction\HAPI_Start Milestone 2\x64\Debug\sfml-graphics-s.pdb'; linking object as if no debug info
HAPI_Debug64.lib(TextureSaver.obj) : warning LNK4099: PDB 'sfml-graphics-s.pdb' was not found with 'HAPI_Debug64.lib(TextureSaver.obj)' or at 'C:\Users\Michael\Documents\University Work (Year 2)\Year 2\Game Engine Construction\HAPI_Start Milestone 2\x64\Debug\sfml-graphics-s.pdb'; linking object as if no debug info
HAPI_Debug64.lib(Texture.obj) : warning LNK4099: PDB 'sfml-graphics-s.pdb' was not found with 'HAPI_Debug64.lib(Texture.obj)' or at 'C:\Users\Michael\Documents\University Work (Year 2)\Year 2\Game Engine Construction\HAPI_Start Milestone 2\x64\Debug\sfml-graphics-s.pdb'; linking object as if no debug info
HAPI_Debug64.lib(Shader.obj) : warning LNK4099: PDB 'sfml-graphics-s.pdb' was not found with 'HAPI_Debug64.lib(Shader.obj)' or at 'C:\Users\Michael\Documents\University Work (Year 2)\Year 2\Game Engine Construction\HAPI_Start Milestone 2\x64\Debug\sfml-graphics-s.pdb'; linking object as if no debug info
HAPI_Debug64.lib(RenderWindow.obj) : warning LNK4099: PDB 'sfml-graphics-s.pdb' was not found with 'HAPI_Debug64.lib(RenderWindow.obj)' or at 'C:\Users\Michael\Documents\University Work (Year 2)\Year 2\Game Engine Construction\HAPI_Start Milestone 2\x64\Debug\sfml-graphics-s.pdb'; linking object as if no debug info
HAPI_Debug64.lib(RenderTarget.obj) : warning LNK4099: PDB 'sfml-graphics-s.pdb' was not found with 'HAPI_Debug64.lib(RenderTarget.obj)' or at 'C:\Users\Michael\Documents\University Work (Year 2)\Year 2\Game Engine Construction\HAPI_Start Milestone 2\x64\Debug\sfml-graphics-s.pdb'; linking object as if no debug info
HAPI_Debug64.lib(RenderStates.obj) : warning LNK4099: PDB 'sfml-graphics-s.pdb' was not found with 'HAPI_Debug64.lib(RenderStates.obj)' or at 'C:\Users\Michael\Documents\University Work (Year 2)\Year 2\Game Engine Construction\HAPI_Start Milestone 2\x64\Debug\sfml-graphics-s.pdb'; linking object as if no debug info
HAPI_Debug64.lib(ImageLoader.obj) : warning LNK4099: PDB 'sfml-graphics-s.pdb' was not found with 'HAPI_Debug64.lib(ImageLoader.obj)' or at 'C:\Users\Michael\Documents\University Work (Year 2)\Year 2\Game Engine Construction\HAPI_Start Milestone 2\x64\Debug\sfml-graphics-s.pdb'; linking object as if no debug info
HAPI_Debug64.lib(Image.obj) : warning LNK4099: PDB 'sfml-graphics-s.pdb' was not found with 'HAPI_Debug64.lib(Image.obj)' or at 'C:\Users\Michael\Documents\University Work (Year 2)\Year 2\Game Engine Construction\HAPI_Start Milestone 2\x64\Debug\sfml-graphics-s.pdb'; linking object as if no debug info
HAPI_Debug64.lib(GLExtensions.obj) : warning LNK4099: PDB 'sfml-graphics-s.pdb' was not found with 'HAPI_Debug64.lib(GLExtensions.obj)' or at 'C:\Users\Michael\Documents\University Work (Year 2)\Year 2\Game Engine Construction\HAPI_Start Milestone 2\x64\Debug\sfml-graphics-s.pdb'; linking object as if no debug info
HAPI_Debug64.lib(GLCheck.obj) : warning LNK4099: PDB 'sfml-graphics-s.pdb' was not found with 'HAPI_Debug64.lib(GLCheck.obj)' or at 'C:\Users\Michael\Documents\University Work (Year 2)\Year 2\Game Engine Construction\HAPI_Start Milestone 2\x64\Debug\sfml-graphics-s.pdb'; linking object as if no debug info
HAPI_Debug64.lib(Glsl.obj) : warning LNK4099: PDB 'sfml-graphics-s.pdb' was not found with 'HAPI_Debug64.lib(Glsl.obj)' or at 'C:\Users\Michael\Documents\University Work (Year 2)\Year 2\Game Engine Construction\HAPI_Start Milestone 2\x64\Debug\sfml-graphics-s.pdb'; linking object as if no debug info
HAPI_Debug64.lib(Font.obj) : warning LNK4099: PDB 'sfml-graphics-s.pdb' was not found with 'HAPI_Debug64.lib(Font.obj)' or at 'C:\Users\Michael\Documents\University Work (Year 2)\Year 2\Game Engine Construction\HAPI_Start Milestone 2\x64\Debug\sfml-graphics-s.pdb'; linking object as if no debug info
HAPI_Debug64.lib(Color.obj) : warning LNK4099: PDB 'sfml-graphics-s.pdb' was not found with 'HAPI_Debug64.lib(Color.obj)' or at 'C:\Users\Michael\Documents\University Work (Year 2)\Year 2\Game Engine Construction\HAPI_Start Milestone 2\x64\Debug\sfml-graphics-s.pdb'; linking object as if no debug info
HAPI_Debug64.lib(BlendMode.obj) : warning LNK4099: PDB 'sfml-graphics-s.pdb' was not found with 'HAPI_Debug64.lib(BlendMode.obj)' or at 'C:\Users\Michael\Documents\University Work (Year 2)\Year 2\Game Engine Construction\HAPI_Start Milestone 2\x64\Debug\sfml-graphics-s.pdb'; linking object as if no debug info
  HAPI_Start.vcxproj -> C:\Users\Michael\Documents\University Work (Year 2)\Year 2\Game Engine Construction\HAPI_Start Milestone 2\x64\Debug\HAPI_Start.exe
  HAPI_Start.vcxproj -> C:\Users\Michael\Documents\University Work (Year 2)\Year 2\Game Engine Construction\HAPI_Start Milestone 2\x64\Debug\HAPI_Start.pdb (Partial PDB)
